commit d8a10384d9485a2a5167d119d57440d0450e1e15
Author: akbiggs <alex.biggs@utoronto.ca>
Date:   Tue Apr 2 21:39:35 2013 -0400

    Removed OAuth keys from favorites-retrieving script, for security

commit 2e931392f081a983719570e836d1f58a3908c50f
Author: akbiggs <alex.biggs@utoronto.ca>
Date:   Tue Apr 2 21:36:07 2013 -0400

    Cleaned up remaining garbage files

commit 5da51df52763e7f95d6d6c58123278d4c53e9f50
Author: akbiggs <alex.biggs@utoronto.ca>
Date:   Tue Apr 2 21:20:06 2013 -0400

    Mentioned infinite scrolling in README

commit 23bd2084f05f8fe9e820211420f40f74a51c0c11
Author: akbiggs <alex.biggs@utoronto.ca>
Date:   Tue Apr 2 20:52:57 2013 -0400

    Updated the README

commit 519cbba274a3e43f9cc8c2cd6db06dac38075121
Author: akbiggs <alex.biggs@utoronto.ca>
Date:   Tue Apr 2 20:22:07 2013 -0400

    Hiding photo button in details view (JQM disallows nested popups)

commit 67d78d13ca77ef70587390e7ea7f2a235bfa9e8a
Author: akbiggs <alex.biggs@utoronto.ca>
Date:   Tue Apr 2 19:21:45 2013 -0400

    Shrinked more info popup a bit more on higher res screens

commit 02c55c595830fc6a70605cb040d369d9f6d355d9
Author: akbiggs <alex.biggs@utoronto.ca>
Date:   Tue Apr 2 18:51:54 2013 -0400

    Reworked load JSON message for clarity

commit 46464df277cdf946ed432cac487852ac0a4da602
Author: akbiggs <alex.biggs@utoronto.ca>
Date:   Tue Apr 2 18:49:02 2013 -0400

    Smaller header for all faves in details for mobile screens

commit ffca299b0e7ef17929519678bef17bde1de4b75a
Author: akbiggs <alex.biggs@utoronto.ca>
Date:   Tue Apr 2 18:45:28 2013 -0400

    Smaller message to make button smaller

commit f50dd2ecac6f1917c52d14f76b23c035af59e080
Author: akbiggs <alex.biggs@utoronto.ca>
Date:   Tue Apr 2 18:40:11 2013 -0400

    Making load favorites button smaller on smaller screens

commit 7f0ac926c2983b29bed660510792f8734904d198
Author: akbiggs <alex.biggs@utoronto.ca>
Date:   Tue Apr 2 18:31:23 2013 -0400

    Changed the text for loading favorites button

commit 69d480547ec6f6d78f27d775d0c20e3bea36b862
Merge: f9b621c 7766518
Author: akbiggs <alex.biggs@utoronto.ca>
Date:   Tue Apr 2 18:27:54 2013 -0400

    Got loading in tweets from user input working

commit f9b621ca8d0d1773cf3d3253e9b1ea52d658b605
Author: akbiggs <alex.biggs@utoronto.ca>
Date:   Tue Apr 2 17:06:22 2013 -0400

    Disabling scrolling when popup is open

commit 6897b55729942cb43f13b1e8e6c543d6e4e3cfc0
Author: akbiggs <alex.biggs@utoronto.ca>
Date:   Tue Apr 2 16:10:25 2013 -0400

    Fixed photo links, scrolling list on mobile

commit df7cc9a20dd814067c5fc99b63a648ed21e680ff
Author: akbiggs <alex.biggs@utoronto.ca>
Date:   Tue Apr 2 16:01:24 2013 -0400

    Tweets in detail view no longer clickable,

commit 776651899349bec0c0820290928d2e8b8993028f
Author: Daphne <daphneipp@gmail.com>
Date:   Tue Apr 2 16:00:48 2013 -0400

    some really broken code for rendering new JSON

commit d17b27dc6451e083177f65c9e3b1f28dc1ecd3d1
Author: akbiggs <alex.biggs@utoronto.ca>
Date:   Tue Apr 2 14:58:24 2013 -0400

    Showing all tweets by a user in details

commit f46f0ba9adc49ad7384936147705aed0068a8614
Author: Daphne <daphneipp@gmail.com>
Date:   Tue Apr 2 14:52:31 2013 -0400

    trying to allow user to upload new JSON

commit 61feffe6727868daeb279c733f65913e1447869d
Author: akbiggs <alex.biggs@utoronto.ca>
Date:   Tue Apr 2 13:30:25 2013 -0400

    Started working on displaying all favorited tweets by a user

commit 4de2d719bd75e51a2a139599da297c195ca8e90c
Merge: 41c5872 708953a
Author: Daphne <daphneipp@gmail.com>
Date:   Tue Apr 2 13:04:30 2013 -0400

    Merge branch 'master' of https://github.com/daphnei/CSC309_A3

commit 41c5872cab3bc92b37b149da7945645cd60e750c
Author: Daphne <daphneipp@gmail.com>
Date:   Tue Apr 2 13:04:15 2013 -0400

    starting work on popup to load new JSON

commit 708953a3630b36522b691841c5467bdf3da80349
Author: akbiggs <alex.biggs@utoronto.ca>
Date:   Tue Apr 2 13:02:44 2013 -0400

    More refactoring

commit 3e0b4ca2f445ca3d0dfc66d369528dee5c8fd328
Author: akbiggs <alex.biggs@utoronto.ca>
Date:   Tue Apr 2 12:56:58 2013 -0400

    Forgot to change names in includes

commit bed36e911f32fc31f1decd4dd8f1d016715c6311
Merge: a723421 fd98e10
Author: Daphne <daphneipp@gmail.com>
Date:   Tue Apr 2 12:53:59 2013 -0400

    Merge branch 'master' of https://github.com/daphnei/CSC309_A3

commit fd98e105f6f7d69f258635f36819dae945627d0f
Author: akbiggs <alex.biggs@utoronto.ca>
Date:   Tue Apr 2 12:53:20 2013 -0400

    Refactored code to reflect shorter module names

commit d3af6e53cac3aaa9be6fa481888d8a86c87e63ab
Author: akbiggs <alex.biggs@utoronto.ca>
Date:   Tue Apr 2 12:47:31 2013 -0400

    Noun names, not verbs

commit a72342104dad6994c2a9d52c30e0a6230640e5b7
Merge: d1a78c0 63674a0
Author: Daphne <daphneipp@gmail.com>
Date:   Tue Apr 2 12:45:53 2013 -0400

    Merge branch 'master' of https://github.com/daphnei/CSC309_A3

commit d1a78c075918074b5286b3f5c168dd450ce490fe
Author: Daphne <daphneipp@gmail.com>
Date:   Tue Apr 2 12:45:27 2013 -0400

    improved button camera logo

commit 63674a02e450b0f1c1ed3fb7088b44d331add25c
Author: akbiggs <alex.biggs@utoronto.ca>
Date:   Tue Apr 2 12:44:43 2013 -0400

    Started putting tweets into details, wiped old files

commit 5623a8b481e0cbd54e31ccf970de8fd982746875
Author: Daphne <daphneipp@gmail.com>
Date:   Tue Apr 2 12:20:35 2013 -0400

    attempt to fix padding on large screen sizes

commit dd40dc8b19badd9ac0fcc25a8d7abbba0ec2965d
Merge: c17fc4c 6913eab
Author: akbiggs <alex.biggs@utoronto.ca>
Date:   Tue Apr 2 11:58:20 2013 -0400

    Merge branch 'updated_css' of github.com:daphnei/CSC309_A3 into updated_css

commit 6913eabfd11d86a7a17f05e1306089c09dcfbc01
Author: Gabriel B. Nunes <alchemicvisions@gmail.com>
Date:   Tue Apr 2 00:11:46 2013 -0400

    Changed the divs within the dialog to spans because divs are incredibly, intolerably frustrating to use when you're trying to align them horizontally!

commit c1d923e555d9fc19acfb0d04c45c5083f1f572c5
Author: Gabriel B. Nunes <alchemicvisions@gmail.com>
Date:   Tue Apr 2 00:00:21 2013 -0400

    Revert "Fixed issues where layout of the dialog was sometimes pushing the avatar to its own line when it shouldn't."
    
    This reverts commit b80a9d5c029bad677aa4f666ffe7283ae4b868f5.

commit dab60cafb85aa84adcf8ce7126aa32f23a7bc32b
Author: Gabriel B. Nunes <alchemicvisions@gmail.com>
Date:   Tue Apr 2 00:00:16 2013 -0400

    Revert "Removed debug coloring"
    
    This reverts commit 1dbb7fcdf43da521402fbfe67305e998d9763fc5.

commit 741797b062db1965374933d36134e52a75af21fb
Author: Gabriel B. Nunes <alchemicvisions@gmail.com>
Date:   Tue Apr 2 00:00:11 2013 -0400

    Revert "Fixed semicolon"
    
    This reverts commit fb3118e07581c460a9794b957781a3ee97c44139.

commit fb3118e07581c460a9794b957781a3ee97c44139
Author: Gabriel B. Nunes <alchemicvisions@gmail.com>
Date:   Mon Apr 1 23:39:14 2013 -0400

    Fixed semicolon

commit 1dbb7fcdf43da521402fbfe67305e998d9763fc5
Author: Gabriel B. Nunes <alchemicvisions@gmail.com>
Date:   Mon Apr 1 23:17:20 2013 -0400

    Removed debug coloring

commit b80a9d5c029bad677aa4f666ffe7283ae4b868f5
Author: Gabriel B. Nunes <alchemicvisions@gmail.com>
Date:   Mon Apr 1 23:16:12 2013 -0400

    Fixed issues where layout of the dialog was sometimes pushing the avatar to its own line when it shouldn't.

commit d7f69dc859e3607503a7f7d83390f8cb76898898
Author: Gabriel B. Nunes <alchemicvisions@gmail.com>
Date:   Mon Apr 1 23:08:40 2013 -0400

    Fixed some of the issues with the dialog, particularly on small screens.

commit c17fc4c99e85ca326cd899a869892ba2897f775e
Author: Ippolito Daphne <g1daphne@cdf.toronto.edu>
Date:   Mon Apr 1 22:27:27 2013 -0400

    Documented and changed names of html generators

commit 722078ded9a75562904d25213f7886a61bac1a0d
Author: Daphne <daphneipp@gmail.com>
Date:   Mon Apr 1 22:25:41 2013 -0400

    cleaned up some css

commit b45e0450aa41a96aedc93562c5ed86654c60f17a
Author: Daphne <daphneipp@gmail.com>
Date:   Mon Apr 1 22:10:49 2013 -0400

    fixed issue with hit states in list view items

commit 97f99f26fd42791fb69edb3d24e6ff4720f96f75
Author: Daphne <daphneipp@gmail.com>
Date:   Mon Apr 1 21:41:57 2013 -0400

    updated css

commit 76ef1f8b03dc2bbe928cd8c78dd514f40993d5ed
Author: akbiggs <alex.biggs@utoronto.ca>
Date:   Sun Mar 31 22:49:57 2013 -0400

    Reverted styles because of a broken line

commit d3dc0b0637baffb1471b0890fd4fe82c19d9bdf1
Merge: b4cf952 776723a
Author: akbiggs <alex.biggs@utoronto.ca>
Date:   Sun Mar 31 22:44:33 2013 -0400

    Cleaning up some unused code

commit b4cf952ce437a4ce16413c5c5eb66faa1b81f759
Author: akbiggs <alex.biggs@utoronto.ca>
Date:   Sun Mar 31 22:38:04 2013 -0400

    Minor style touches

commit 776723aba809e789d25a75d37b3ba07668c3f497
Merge: a7a3928 91ffdff
Author: Daphne <daphneipp@gmail.com>
Date:   Sun Mar 31 17:39:53 2013 -0400

    Merge branch 'master' of https://github.com/daphnei/CSC309_A3
    
    Conflicts:
    	css/custom.css

commit a7a3928740f370bd3b7754629bfe1f8f085739a1
Author: Daphne <daphneipp@gmail.com>
Date:   Sun Mar 31 17:38:02 2013 -0400

    some small changes to css

commit 91ffdfff35655d19365a10cc9c272133587236c4
Author: akbiggs <alex.biggs@utoronto.ca>
Date:   Sun Mar 31 17:12:01 2013 -0400

    Prettier button press colors

commit a233a3b5ce9c0cc3ee6f4f54e23ede7bddf83f9e
Author: Daphne <daphneipp@gmail.com>
Date:   Sun Mar 31 14:48:10 2013 -0400

    Made color scheme less ugly

commit 784c247baa67015c998a49f2a388e92e6bef4582
Author: akbiggs <alex.biggs@utoronto.ca>
Date:   Sat Mar 30 22:52:03 2013 -0400

    Added camera icon

commit 9c4c72b653efa1a89037bb9df563c298d903b605
Author: akbiggs <alex.biggs@utoronto.ca>
Date:   Sat Mar 30 22:48:02 2013 -0400

    Added search with no functionality

commit cd1ecc437b672d1e11c93637ac6f61721f46dfac
Merge: 287bf64 7a1108c
Author: akbiggs <alex.biggs@utoronto.ca>
Date:   Sat Mar 30 18:41:42 2013 -0400

    Merge branch 'master' into search

commit 7a1108c619ff4d97ed0ab8ebef37e59213507c0e
Author: akbiggs <alex.biggs@utoronto.ca>
Date:   Sat Mar 30 18:41:25 2013 -0400

    Custom icon for photos

commit 287bf645265703cf4b663073c89e372605c4eb04
Author: akbiggs <alex.biggs@utoronto.ca>
Date:   Sat Mar 30 18:04:39 2013 -0400

    Put a functionless ugly search bar in

commit 0eade24c2886b5cb18352210e38ed66794b0b24c
Author: akbiggs <alex.biggs@utoronto.ca>
Date:   Sat Mar 30 17:54:17 2013 -0400

    Accidentally overwrote styles during merge

commit 3baabaff594eb16309efc5e8e785e4e211f71c28
Merge: d6728e2 0aca8b4
Author: akbiggs <alex.biggs@utoronto.ca>
Date:   Sat Mar 30 17:50:51 2013 -0400

    Merge branch 'master' of github.com:daphnei/CSC309_A3
    
    Conflicts:
    	css/custom.css

commit d6728e2c48489738da5b10abd10f3f8e48dfac2f
Author: akbiggs <alex.biggs@utoronto.ca>
Date:   Sat Mar 30 17:47:20 2013 -0400

    Adding a bit of style to the end notification

commit 0aca8b49dd7eae9c628f344a72297d1d23330aae
Author: daphne <daphne@wavedna.com>
Date:   Sat Mar 30 16:49:57 2013 -0400

    Got rid of some padding when the screen is very small. Adding transition animations

commit 25c7e605a2e72f111e818cb36b731e6fe85b7597
Author: daphne <daphne@wavedna.com>
Date:   Sat Mar 30 13:54:46 2013 -0400

    played with CSS to make listviews at different sizes look prettier

commit 30a5a373ff1638abf2a3386d7addefff906406d2
Author: daphne <daphne@wavedna.com>
Date:   Sat Mar 30 13:10:38 2013 -0400

    fixed formatting by removing a bunch of css

commit 210377d142dde99be9d9595cd3140a84e157b710
Author: daphne <daphne@wavedna.com>
Date:   Sat Mar 30 12:58:57 2013 -0400

    Three fidderent listview formats now, for small, medium, and large screens. Still need work formatting text in list view object for larger sizes.

commit 7cbd095a473f0e53c684a52465451fa941167e4e
Author: Gabriel B. Nunes <alchemicvisions@gmail.com>
Date:   Sat Mar 30 01:02:47 2013 -0400

    Removed unnecessary nowrap style in CSS for names

commit a0d4f8b96c847c25afcad8279246ca2d80e06b24
Author: Gabriel B. Nunes <alchemicvisions@gmail.com>
Date:   Sat Mar 30 01:00:50 2013 -0400

    Fixed minor padding issue in details popup

commit 67040a22d4d284e86626ac47e534b8822049d5a1
Author: Gabriel B. Nunes <alchemicvisions@gmail.com>
Date:   Sat Mar 30 00:48:59 2013 -0400

    Fixed bug where multiple click events were being added to each tweet/image button, leading to issues with the image popup appearing multiple times.

commit 75e9c02f8f86470d42dcc4b0609eec9385c2d23c
Author: Gabriel B. Nunes <alchemicvisions@gmail.com>
Date:   Sat Mar 30 00:27:18 2013 -0400

    Fixed issue where the photo popup may show up on screen before the image is loaded, leading it to be improperly positioned.

commit 333a823bb9fc2399a1fae8b237da72876f74dda5
Author: Gabriel B. Nunes <alchemicvisions@gmail.com>
Date:   Fri Mar 29 23:54:18 2013 -0400

    Removed another wordy debug message

commit d7de07e60afaf7530d24d00081c8c7ba2d6c1413
Author: Gabriel B. Nunes <alchemicvisions@gmail.com>
Date:   Fri Mar 29 23:48:35 2013 -0400

    Made the @username in the detail dialog into a link, the same as in the main view.

commit 4570520eb23f4e9361058b8cc54b6de7bbc7d008
Author: Gabriel B. Nunes <alchemicvisions@gmail.com>
Date:   Fri Mar 29 23:46:02 2013 -0400

    Refactored our popup details dialog to not use jQuery grids and instead rely on manually positioned divs. Also made it nice and responsive.

commit 356e9953cca90bb080231567f36d62cfe456e397
Author: Gabriel B. Nunes <alchemicvisions@gmail.com>
Date:   Fri Mar 29 22:23:11 2013 -0400

    Ensure usernames and tags in the popup dialogs are displayed nicely and consistently with the main view.

commit 7c083a9a61487199bea8ad4360894e2c4c438a97
Author: Gabriel B. Nunes <alchemicvisions@gmail.com>
Date:   Fri Mar 29 21:34:33 2013 -0400

    Display user tag on its own line on small screens.

commit 809314d1f33e26bd2db5f61fb2540718aa85a353
Author: Gabriel B. Nunes <alchemicvisions@gmail.com>
Date:   Fri Mar 29 21:33:45 2013 -0400

    Get rid of the arrows in the list. Permanently.

commit 485be1e21121cff01bb0e952fbe486422efbec31
Author: Gabriel B. Nunes <alchemicvisions@gmail.com>
Date:   Fri Mar 29 20:00:33 2013 -0400

    Changed image popup so that the correct image is placed in the popup rather than the last image loaded.

commit d451ef1de879080cd9cb779355747d89091b01d8
Author: Gabriel B. Nunes <alchemicvisions@gmail.com>
Date:   Fri Mar 29 19:58:03 2013 -0400

    Removed wordy debug message

commit 92ccf0d9228df2c92c9e4c66ba6835c6e032758c
Author: Gabriel B. Nunes <alchemicvisions@gmail.com>
Date:   Fri Mar 29 18:09:23 2013 -0400

    Media links now are properly linked in our list view.

commit f3b658b1d55ddf8ade6f8bdbad428ae033148b08
Author: Gabriel B. Nunes <alchemicvisions@gmail.com>
Date:   Fri Mar 29 17:52:11 2013 -0400

    Fixed missing comma

commit b12d9b5cc9965c30f05b514625faa19041d12cff
Author: Gabriel B. Nunes <alchemicvisions@gmail.com>
Date:   Fri Mar 29 17:50:52 2013 -0400

    Fixed broken merge

commit da2b90782425ffd8896f6431dc6ebe6cda7483bb
Merge: 20640ff ca4c54b
Author: Gabriel B. Nunes <alchemicvisions@gmail.com>
Date:   Fri Mar 29 17:49:05 2013 -0400

    Merge branch 'master' of https://github.com/daphnei/CSC309_A3

commit 20640ff3ac5a51a03d716c35125a6b2cb1fe87ce
Author: Gabriel B. Nunes <alchemicvisions@gmail.com>
Date:   Fri Mar 29 17:48:57 2013 -0400

    Added "media" object to our tweet objects

commit a90635e2d894b388a92804774e5b810ead7bb39a
Author: akbiggs <alex.biggs@utoronto.ca>
Date:   Fri Mar 29 17:33:52 2013 -0400

    Fixed style for end of tweets notification

commit ca4c54b0ff98a66d8a82dc09066c18d1d798bc0e
Merge: 5184a3e fd428d9
Author: daphne <daphne@wavedna.com>
Date:   Fri Mar 29 17:33:05 2013 -0400

    fixed conflict

commit 5184a3eca0c9543c00c15f657b68d310c332aa04
Author: daphne <daphne@wavedna.com>
Date:   Fri Mar 29 17:31:46 2013 -0400

    Did a lot of work on formatting popups

commit 99628df45cc9a14b8a2754278094299a21286768
Author: Gabriel B. Nunes <alchemicvisions@gmail.com>
Date:   Fri Mar 29 17:25:39 2013 -0400

    Added Mac OS X internal file .DS_Store to the ignore list

commit dfb91fc826f26ec36f0355e43eea0e70e6f8dfbf
Author: Gabriel B. Nunes <alchemicvisions@gmail.com>
Date:   Fri Mar 29 17:24:04 2013 -0400

    Removed .DS_Store file from the repo

commit fd428d99a67219457d02bd1f955befc9d3913a08
Author: Daphne <daphneipp@gmail.com>
Date:   Fri Mar 29 11:17:13 2013 -0400

    Added end of tweets notification

commit 332b08256c23aa92238f16a678e09cb850234ddc
Author: Daphne <daphneipp@gmail.com>
Date:   Fri Mar 29 10:29:05 2013 -0400

    Removed loading notifications (see trello comments)

commit d58073764b1623e95cfde40d0d5c691a33186a28
Author: daphne <daphne@wavedna.com>
Date:   Fri Mar 29 10:19:30 2013 -0400

    made some changes to how popups render

commit 90ea37086da111721d3bec625343dd8772b1df57
Author: Daphne <daphneipp@gmail.com>
Date:   Fri Mar 29 10:13:32 2013 -0400

    Added loading notifications

commit 97bec66297ac47a03465bbb4bfa4c523e09e4ee6
Author: daphne <daphne@wavedna.com>
Date:   Fri Mar 29 09:08:05 2013 -0400

    Added a button for tweets with an image that opens that image in a lightbox.

commit be6c4cf37ce6c61472e37a5eeecb13be79963d90
Merge: 257f021 aba4b1b
Author: daphne <daphne@wavedna.com>
Date:   Thu Mar 28 23:41:50 2013 -0400

    I don't know why a merge is hapenning?
    
    Merge branch 'master' of https://github.com/daphnei/CSC309_A3

commit 257f021aae8969183599184cb9f6ff390d6a08f2
Author: daphne <daphne@wavedna.com>
Date:   Thu Mar 28 23:41:29 2013 -0400

     no real changes made

commit aba4b1b55adcaa4f6bbf265a2beff4595dbd15b9
Merge: c36346a c01c91f
Author: akbiggs <alex.biggs@utoronto.ca>
Date:   Thu Mar 28 23:38:05 2013 -0400

    Merge branch 'master' of github.com:daphnei/CSC309_A3

commit c36346a24d431fa43e80039c73c2f0485c52893f
Author: akbiggs <alex.biggs@utoronto.ca>
Date:   Thu Mar 28 23:37:45 2013 -0400

    Added some more tweets containing flower photos

commit c01c91f7492170d13eab24e868bdfacd0001f030
Merge: f9a65b6 38085ed
Author: Ippolito Daphne <g1daphne@cdf.toronto.edu>
Date:   Thu Mar 28 21:35:34 2013 -0400

    Merge branch 'master' of https://github.com/daphnei/CSC309_A3

commit 38085ed3ea3b8acd3e24cccbffbee021eb7c35c3
Author: akbiggs <alex.biggs@utoronto.ca>
Date:   Thu Mar 28 21:34:29 2013 -0400

    Fixed listview icon not hiding properly when resizing window

commit f9a65b6c0d02c943c1950e92826082f57467a755
Author: Ippolito Daphne <g1daphne@cdf.toronto.edu>
Date:   Thu Mar 28 20:34:46 2013 -0400

    removed demo css because we now have our own theme

commit 3b845ad6ee3cee598ee698fa432505d5a79cd365
Author: akbiggs <alex.biggs@utoronto.ca>
Date:   Wed Mar 27 02:57:29 2013 -0400

    Fixed broken detail popups, changed scroll event to interval

commit 5f867acc576a3866e55b3a18e0b4b3bb8cec77f1
Merge: dd4aa62 0c2a105
Author: akbiggs <alex.biggs@utoronto.ca>
Date:   Sun Mar 24 23:16:16 2013 -0400

    Merge branch 'master' into detail-dialog
    
    Conflicts:
    	js/favorites.js

commit dd4aa62e3f5486cc8b295238da19a3eafcb802cf
Author: akbiggs <alex.biggs@utoronto.ca>
Date:   Sun Mar 24 23:15:01 2013 -0400

    Separating list view html generation from details view

commit 0c2a10527cf8b5b80faba92a85f5eef4b89c7755
Author: Ippolito Daphne <g1daphne@cdf.toronto.edu>
Date:   Sun Mar 24 14:21:50 2013 -0400

    infinite scrolling works

commit 1853f68e94f96669df07eaacf5a69f471e3dbfa4
Author: akbiggs <alex.biggs@utoronto.ca>
Date:   Sun Mar 24 13:52:07 2013 -0400

    Adding data to favorites

commit 24082b9cb47f2441f5ee95237b9382a1ab67de98
Merge: 6cb6946 a9ebc7e
Author: akbiggs <alex.biggs@utoronto.ca>
Date:   Sun Mar 24 13:43:26 2013 -0400

    Merge branch 'detail-dialog'

commit 6cb694661e71e9a461869e4ef1c314824f069191
Merge: 1962c54 5dbb9f1
Author: akbiggs <alex.biggs@utoronto.ca>
Date:   Sun Mar 24 13:43:14 2013 -0400

    Merge branch 'master' of github.com:daphnei/CSC309_A3

commit a9ebc7ee52c84c6b6b3b528b0043e987ab3f9ea9
Author: akbiggs <alex.biggs@utoronto.ca>
Date:   Sun Mar 24 13:40:47 2013 -0400

    Top-aligning images and trying to hide arrows

commit 5dbb9f170a5196fe2e37e70f6a94c77e7e81818c
Author: Ippolito Daphne <g1daphne@cdf.toronto.edu>
Date:   Sun Mar 24 13:40:51 2013 -0400

    adding tweets now occurs when end of page is reached

commit f9b5c86f5fc4a421e348a6eb3e57748b79b92c75
Author: akbiggs <alex.biggs@utoronto.ca>
Date:   Sat Mar 23 21:13:53 2013 -0400

    Passing in tweet data to popups for additional info

commit 77283c454b5262168ae1e0b5a53da5349dac7637
Merge: 1962c54 775464d
Author: akbiggs <alex.biggs@utoronto.ca>
Date:   Sat Mar 23 20:45:31 2013 -0400

    Merge branch 'detail-dialog' of github.com:daphnei/CSC309_A3 into detail-dialog

commit 1962c544163c74df50a8dc180de651352836bb6a
Author: akbiggs <alex.biggs@utoronto.ca>
Date:   Sat Mar 23 20:33:45 2013 -0400

    Fixed text wrapping.

commit 775464dcba9fbd61d6222d69a484d04cd7f28345
Author: Gabriel B. Nunes <alchemicvisions@gmail.com>
Date:   Sat Mar 23 19:46:50 2013 -0400

    Beginning work on dialog dynamically populating.

commit a47fcbf0a19460d085fbbd723f796764505ade1d
Author: Gabriel B. Nunes <alchemicvisions@gmail.com>
Date:   Sat Mar 23 18:53:12 2013 -0400

    Yet another, better way of handling popups, that automatically, conveniently, formats our list as a clickable list.

commit 3b58df427ba31c0d619f8da65e5cb78ccc6bc04e
Author: Gabriel B. Nunes <alchemicvisions@gmail.com>
Date:   Sat Mar 23 18:33:50 2013 -0400

    Added translucent overlay to the popup.

commit 5625fe0d192d7da575f8afbb9f44d0ac78bf0651
Author: Gabriel B. Nunes <alchemicvisions@gmail.com>
Date:   Sat Mar 23 18:32:24 2013 -0400

    Added better transition to the popup.

commit cf129c9a696903f1091e753063cda37caafff5df
Author: Gabriel B. Nunes <alchemicvisions@gmail.com>
Date:   Sat Mar 23 18:31:14 2013 -0400

    Moved the popup and the javascript that calls it to a more sensible location.

commit 214857c06667f4ed9f11a3a5bdf828f8a32e14c8
Author: akbiggs <alex.biggs@utoronto.ca>
Date:   Sat Mar 23 18:21:15 2013 -0400

    Removed temp index

commit 11bfc20e7cf5e0bc12cd1876c3d1e3501f071b0d
Author: Gabriel B. Nunes <alchemicvisions@gmail.com>
Date:   Sat Mar 23 18:19:35 2013 -0400

    Moved the details popup to be triggered by a click on the tweet instead of a dummy link.

commit c890a19ee636ad3331345117e1a953a8ca64615d
Author: Gabriel B. Nunes <alchemicvisions@gmail.com>
Date:   Sat Mar 23 18:03:52 2013 -0400

    Added a dummy popup window.

commit 0ab7cc4761e0fac304d4f88b970c5eb3fbbf6aa2
Author: Gabriel B. Nunes <alchemicvisions@gmail.com>
Date:   Sat Mar 23 16:52:46 2013 -0400

    Changed the colour of in-tweet links, mentions, and hashtags to a more contrast-y blue colour, the same colour that twitter uses as their default for links.

commit b80a999041f055dd1af7c3c32120712c2a01c58a
Author: Gabriel B. Nunes <alchemicvisions@gmail.com>
Date:   Sat Mar 23 16:49:16 2013 -0400

    Differentiated user tags from in-tweet mentions and other in-tweet links because tiny text within the tweet can be hard to read.

commit 3cc4bc8110744c2b37e2459174041561e9dc7ba4
Author: Gabriel B. Nunes <alchemicvisions@gmail.com>
Date:   Sat Mar 23 16:38:15 2013 -0400

    Added links to links within tweets.

commit 66ac8e426c7bdd15b8a453e9d584603e72fd2d25
Author: Gabriel B. Nunes <alchemicvisions@gmail.com>
Date:   Sat Mar 23 16:25:05 2013 -0400

    Minor cleanup change

commit 6af15c2a1d88fc031f29b3e1d0be3576543d5ddf
Author: Gabriel B. Nunes <alchemicvisions@gmail.com>
Date:   Sat Mar 23 16:23:55 2013 -0400

    Tags and user mentions open in a new window

commit 5798b214f0ef2c5a842b64dd7542b6ecb4a26d8b
Author: Gabriel B. Nunes <alchemicvisions@gmail.com>
Date:   Sat Mar 23 16:22:29 2013 -0400

    Added links to user mentions

commit 35cca5f7c114eb6c80051eba7ab6d65c71b6cb92
Author: Gabriel B. Nunes <alchemicvisions@gmail.com>
Date:   Sat Mar 23 15:47:13 2013 -0400

    jQuery has a foreach construct, and by gum I'm going to use it!

commit bcb2ec740c26db979456964d5ec307256529dab2
Author: Gabriel B. Nunes <alchemicvisions@gmail.com>
Date:   Sat Mar 23 15:39:16 2013 -0400

    Added proper CSS class to hashtag links.

commit 69c8b8509450b3e35535c520ccaf9df19e17ffc9
Merge: 4018548 d1bae1c
Author: Gabriel B. Nunes <alchemicvisions@gmail.com>
Date:   Sat Mar 23 15:35:06 2013 -0400

    Merge branch 'master' of https://github.com/daphnei/CSC309_A3

commit 40185482ff5a66036ccbf0f430933784364f12aa
Author: Gabriel B. Nunes <alchemicvisions@gmail.com>
Date:   Sat Mar 23 15:34:58 2013 -0400

    Changed the base link for hashtag searches to include the hash.

commit 3e51ac2d7d4fbb418f7604ee4ddd98dff1e08c13
Author: Gabriel B. Nunes <alchemicvisions@gmail.com>
Date:   Sat Mar 23 15:34:33 2013 -0400

    Hash tags are now linked to their corresponding twitter search.

commit 4a0b846eebd6b0708cde0ac153cf037586b4ea34
Author: Gabriel B. Nunes <alchemicvisions@gmail.com>
Date:   Sat Mar 23 15:34:06 2013 -0400

    Fixed silly javascript syntax error

commit e4d843aa9c98f7d50d84a8a900756df15aad90e3
Author: Gabriel B. Nunes <alchemicvisions@gmail.com>
Date:   Sat Mar 23 15:33:04 2013 -0400

    Added helper scripts to the main page.

commit 099abb42f43409c452ff560354d62174708660e6
Author: Gabriel B. Nunes <alchemicvisions@gmail.com>
Date:   Sat Mar 23 15:32:43 2013 -0400

    Added helper function to insert a set of substrings into a string at a set of given indices

commit d1bae1c61c30e9a2a39dc49978b947372c024f2f
Author: Ippolito Daphne <g1daphne@cdf.toronto.edu>
Date:   Sat Mar 23 15:01:16 2013 -0400

    Did some work with the CSS and reizing things depending on the size of the page.

commit 20c9f8727faef091d7b229157e4b4046dbf29990
Merge: 98fd30f 0ec1010
Author: Gabriel B. Nunes <alchemicvisions@gmail.com>
Date:   Sat Mar 23 14:41:30 2013 -0400

    Merge branch 'master' of https://github.com/daphnei/CSC309_A3

commit 98fd30fadc44306266c411eba672f87d08e0999a
Author: Gabriel B. Nunes <alchemicvisions@gmail.com>
Date:   Sat Mar 23 14:41:24 2013 -0400

    Beginning work on linking hashtags.

commit 0ec10100d205906f2413198a1ca1f02d3c07a07f
Author: Ippolito Daphne <g1daphne@cdf.toronto.edu>
Date:   Sat Mar 23 14:04:31 2013 -0400

    changed the css for tags

commit 271692bbd52d02262d0c50dc643745d1d95ec9b8
Author: Ippolito Daphne <g1daphne@cdf.toronto.edu>
Date:   Sat Mar 23 13:56:27 2013 -0400

    got rid of the temporary index.html

commit 44aaa599fb93bbfdcaded4acc329503c9ff743f7
Author: Ippolito Daphne <g1daphne@cdf.toronto.edu>
Date:   Sat Mar 23 13:50:11 2013 -0400

    Added custom css and formatted the tweets to look prettier

commit fc8cec33ecb9406233e7af695bc50c97d2d500c1
Author: Daphne <daphneipp@gmail.com>
Date:   Sat Mar 23 12:23:03 2013 -0400

    index. html did not get added the last time around

commit 89e23b80d3f7a851402943d1843854b2870fa2c7
Author: Daphne <daphneipp@gmail.com>
Date:   Sat Mar 23 12:06:08 2013 -0400

    Commiting so that I can switch to CDF because Safari debugging is crap

commit 3575697d87b00271dc9e1a48141a441748d28b60
Author: Daphne <daphneipp@gmail.com>
Date:   Sat Mar 23 11:43:08 2013 -0400

    Switched collaspables to listviews

commit 945f6fdb07f8e5489b6e80742db41d0047dc5f3c
Author: akbiggs <alex.biggs@utoronto.ca>
Date:   Fri Mar 22 00:41:06 2013 -0400

    Adding a meta notifying tpage to size according to browser width

commit c1bf055179c1ef7e524fb110733657f3f630b10c
Author: akbiggs <alex.biggs@utoronto.ca>
Date:   Fri Mar 22 00:30:44 2013 -0400

    Fixed dynamic content not being stylized properly

commit cf11b9f22abe7c1142aeb04988d9ffada7af7dfc
Author: akbiggs <alex.biggs@utoronto.ca>
Date:   Wed Mar 20 21:46:53 2013 -0400

    Added script for getting favorites from Twitter

commit d413c42f23020013ea6c23393888f5d6ef088dcd
Author: akbiggs <alex.biggs@utoronto.ca>
Date:   Wed Mar 20 18:45:04 2013 -0400

    Removed Jquery files that are being pulled remotely now anyways

commit 462190bbc2590f90b6ac62e3e1c99ddf031ee1f7
Author: akbiggs <alex.biggs@utoronto.ca>
Date:   Wed Mar 20 18:42:43 2013 -0400

    Moved html generation into a separate module

commit 51b5e2c108b4fd6d57d30d95e87d13d786af87ba
Author: akbiggs <alex.biggs@utoronto.ca>
Date:   Wed Mar 20 12:57:20 2013 -0400

    Cleaned up tweet info code into a separate module, got all the info we need

commit b205b863dea9d00623faeb6429f13e8e800e50e8
Merge: 67cd825 3fd0cc2
Author: akbiggs <alex.biggs@utoronto.ca>
Date:   Wed Mar 20 01:05:49 2013 -0400

    Merge branch 'master' of github.com:daphnei/CSC309_A3

commit 67cd825c83ee37d643d7efb32ba0c0bc597c239c
Author: akbiggs <alex.biggs@utoronto.ca>
Date:   Wed Mar 20 01:05:26 2013 -0400

    Fixing broken tags

commit 3fd0cc208753692b416085c0bd269168c4f56e87
Author: daphnei <daphneipp@gmail.com>
Date:   Wed Mar 20 02:00:18 2013 -0300

    Fixed typo. I can't spell.

commit 2198b36f8e8615a71d68eb7b463fce032ff42e92
Author: daphnei <daphneipp@gmail.com>
Date:   Wed Mar 20 01:59:54 2013 -0300

    Added link to design document to readme.

commit 0bb11db92ef0c2335392ec16793a42553746a3e7
Author: akbiggs <alex.biggs@utoronto.ca>
Date:   Wed Mar 20 00:56:07 2013 -0400

    Merging

commit 24fbdf686e6788cd4b0b82c1210a81aa7c797102
Author: akbiggs <alex.biggs@utoronto.ca>
Date:   Wed Mar 20 00:54:35 2013 -0400

    JQuery works when not editing file in vim?

commit 18f6f220cff8462654b82d60a96156afaa77a4f0
Author: akbiggs <alex.biggs@utoronto.ca>
Date:   Wed Mar 20 00:51:44 2013 -0400

    Added user profile images, redirect to user profiles

commit 5052c1c510fc38bebca5bc76cbf8d129c07c3f11
Author: akbiggs <alex.biggs@utoronto.ca>
Date:   Wed Mar 20 00:20:21 2013 -0400

    Making test file into main file

commit 919e57368c7f403fd436acf97c0824eed47603f5
Author: akbiggs <alex.biggs@utoronto.ca>
Date:   Wed Mar 20 00:18:53 2013 -0400

    Reorganized head imports

commit 8ecbd0e32b0c211437b88524db6171ce4becbd5f
Author: akbiggs <alex.biggs@utoronto.ca>
Date:   Wed Mar 20 00:17:12 2013 -0400

    Switching to hosted files

commit 8741d2c650abdc36bf039f84d0e6a07498e797d6
Author: akbiggs <alex.biggs@utoronto.ca>
Date:   Wed Mar 20 00:13:29 2013 -0400

    Switching to hosted files

commit 32f5f172913da9d99de161e3b88c10d5e1757c3a
Author: akbiggs <alex.biggs@utoronto.ca>
Date:   Wed Mar 20 00:07:28 2013 -0400

    Debugging gh-pages

commit 2212f0bab31d1895d4fb53f74dc213b2435d34c3
Author: akbiggs <alex.biggs@utoronto.ca>
Date:   Wed Mar 20 00:04:55 2013 -0400

    Fixing css

commit 330ec72266e38cec0aae4d8605d4ef277532e11e
Author: akbiggs <alex.biggs@utoronto.ca>
Date:   Tue Mar 19 23:58:19 2013 -0400

    Making a Github page

commit b96f129d273cd94e9fef55f8ebac0773a1098903
Author: akbiggs <alex.biggs@utoronto.ca>
Date:   Tue Mar 19 23:17:40 2013 -0400

    More stylin'

commit ec169265910727d8df7d6f64c5d9b16bbae347af
Author: akbiggs <alex.biggs@utoronto.ca>
Date:   Tue Mar 19 22:48:33 2013 -0400

    Populating test page with some basic tweet info

commit 66985b3e9346a6f20d2cd8f7aaa507f1af6c1496
Author: akbiggs <alex.biggs@utoronto.ca>
Date:   Tue Mar 19 00:06:00 2013 -0400

    More reorgs

commit c99ee44aabbb57fce15cd3f419455085e43ff921
Author: akbiggs <alex.biggs@utoronto.ca>
Date:   Tue Mar 19 00:05:14 2013 -0400

    Reorganized files, added sample JSON

commit d9801efb93af35a4df34648f298f096fb681dfb8
Author: akbiggs <alex.biggs@utoronto.ca>
Date:   Mon Mar 18 23:36:10 2013 -0400

    Added JQuery Mobile

commit c46098ae8b70cccfef6d90c7eb10671928c6d396
Author: daphnei <daphneipp@gmail.com>
Date:   Mon Mar 18 16:52:12 2013 -0700

    Initial commit
